2026-04-16 17:02:17,413 - INFO - Application started.
2026-04-16 17:02:17,431 - INFO - Starting the experiment...
2026-04-16 17:02:17,438 - INFO - Starting replication 1/10
2026-04-16 17:02:20,318 - INFO - Starting replication 2/10
2026-04-16 17:02:21,211 - INFO - Starting replication 3/10
2026-04-16 17:02:21,246 - INFO - Starting replication 4/10
2026-04-16 17:02:21,282 - INFO - Starting replication 5/10
2026-04-16 17:02:21,317 - INFO - Starting replication 6/10
2026-04-16 17:02:21,352 - INFO - Starting replication 7/10
2026-04-16 17:02:21,388 - INFO - Starting replication 8/10
2026-04-16 17:02:21,424 - INFO - Starting replication 9/10
2026-04-16 17:02:21,459 - INFO - Starting replication 10/10
2026-04-16 17:02:21,496 - INFO - Experiment completed successfully.
2026-04-16 17:02:21,496 - INFO - Generating plots for the experiment results...
2026-04-16 17:02:22,059 - INFO - Plots generated successfully.
2026-04-16 17:02:22,060 - INFO - Application finished successfully.
2026-04-16 17:12:55,623 - INFO - Application started.
2026-04-16 17:12:55,623 - INFO - Application started.
2026-04-16 17:13:03,023 - INFO - Application started.
2026-04-16 17:13:03,023 - INFO - Application started.
2026-04-16 17:13:03,023 - INFO - Application started.
2026-04-16 17:36:35,251 - INFO - Application started.
2026-04-16 17:36:35,251 - INFO - Application started.
2026-04-16 17:36:35,251 - INFO - Application started.
2026-04-16 17:36:35,251 - INFO - Application started.
2026-04-16 17:36:35,258 - INFO - Starting the experiment...
2026-04-16 17:36:35,258 - INFO - Starting the experiment...
2026-04-16 17:36:35,258 - INFO - Starting the experiment...
2026-04-16 17:36:35,258 - INFO - Starting the experiment...
2026-04-16 17:36:35,265 - INFO - Starting replication 1/10
2026-04-16 17:36:35,265 - INFO - Starting replication 1/10
2026-04-16 17:36:35,265 - INFO - Starting replication 1/10
2026-04-16 17:36:35,265 - INFO - Starting replication 1/10
2026-04-16 17:36:37,276 - INFO - Starting replication 2/10
2026-04-16 17:36:37,276 - INFO - Starting replication 2/10
2026-04-16 17:36:37,276 - INFO - Starting replication 2/10
2026-04-16 17:36:37,276 - INFO - Starting replication 2/10
2026-04-16 17:36:38,162 - INFO - Starting replication 3/10
2026-04-16 17:36:38,162 - INFO - Starting replication 3/10
2026-04-16 17:36:38,162 - INFO - Starting replication 3/10
2026-04-16 17:36:38,162 - INFO - Starting replication 3/10
2026-04-16 17:36:38,199 - INFO - Starting replication 4/10
2026-04-16 17:36:38,199 - INFO - Starting replication 4/10
2026-04-16 17:36:38,199 - INFO - Starting replication 4/10
2026-04-16 17:36:38,199 - INFO - Starting replication 4/10
2026-04-16 17:36:38,235 - INFO - Starting replication 5/10
2026-04-16 17:36:38,235 - INFO - Starting replication 5/10
2026-04-16 17:36:38,235 - INFO - Starting replication 5/10
2026-04-16 17:36:38,235 - INFO - Starting replication 5/10
2026-04-16 17:36:38,271 - INFO - Starting replication 6/10
2026-04-16 17:36:38,271 - INFO - Starting replication 6/10
2026-04-16 17:36:38,271 - INFO - Starting replication 6/10
2026-04-16 17:36:38,271 - INFO - Starting replication 6/10
2026-04-16 17:36:38,319 - INFO - Starting replication 7/10
2026-04-16 17:36:38,319 - INFO - Starting replication 7/10
2026-04-16 17:36:38,319 - INFO - Starting replication 7/10
2026-04-16 17:36:38,319 - INFO - Starting replication 7/10
2026-04-16 17:36:38,359 - INFO - Starting replication 8/10
2026-04-16 17:36:38,359 - INFO - Starting replication 8/10
2026-04-16 17:36:38,359 - INFO - Starting replication 8/10
2026-04-16 17:36:38,359 - INFO - Starting replication 8/10
2026-04-16 17:36:38,396 - INFO - Starting replication 9/10
2026-04-16 17:36:38,396 - INFO - Starting replication 9/10
2026-04-16 17:36:38,396 - INFO - Starting replication 9/10
2026-04-16 17:36:38,396 - INFO - Starting replication 9/10
2026-04-16 17:36:38,434 - INFO - Starting replication 10/10
2026-04-16 17:36:38,434 - INFO - Starting replication 10/10
2026-04-16 17:36:38,434 - INFO - Starting replication 10/10
2026-04-16 17:36:38,434 - INFO - Starting replication 10/10
2026-04-16 17:36:38,471 - INFO - Experiment completed successfully.
2026-04-16 17:36:38,471 - INFO - Experiment completed successfully.
2026-04-16 17:36:38,471 - INFO - Experiment completed successfully.
2026-04-16 17:36:38,471 - INFO - Experiment completed successfully.
2026-04-16 17:36:38,473 - INFO - Generating plots for the experiment results...
2026-04-16 17:36:38,473 - INFO - Generating plots for the experiment results...
2026-04-16 17:36:38,473 - INFO - Generating plots for the experiment results...
2026-04-16 17:36:38,473 - INFO - Generating plots for the experiment results...
2026-04-16 17:36:38,980 - INFO - Plots generated successfully.
2026-04-16 17:36:38,980 - INFO - Plots generated successfully.
2026-04-16 17:36:38,980 - INFO - Plots generated successfully.
2026-04-16 17:36:38,980 - INFO - Plots generated successfully.
2026-04-16 17:36:38,981 - INFO - Application finished successfully.
2026-04-16 17:36:38,981 - INFO - Application finished successfully.
2026-04-16 17:36:38,981 - INFO - Application finished successfully.
2026-04-16 17:36:38,981 - INFO - Application finished successfully.
2026-04-16 17:40:49,213 - INFO - Application started.
2026-04-16 17:40:49,213 - INFO - Application started.
2026-04-16 17:40:49,213 - INFO - Application started.
2026-04-16 17:40:49,213 - INFO - Application started.
2026-04-16 17:40:49,213 - INFO - Application started.
2026-04-16 17:40:49,221 - INFO - Starting experiment...
2026-04-16 17:40:49,221 - INFO - Starting experiment...
2026-04-16 17:40:49,221 - INFO - Starting experiment...
2026-04-16 17:40:49,221 - INFO - Starting experiment...
2026-04-16 17:40:49,221 - INFO - Starting experiment...
2026-04-16 17:40:49,227 - INFO - Starting replication 1/20
2026-04-16 17:40:49,227 - INFO - Starting replication 1/20
2026-04-16 17:40:49,227 - INFO - Starting replication 1/20
2026-04-16 17:40:49,227 - INFO - Starting replication 1/20
2026-04-16 17:40:49,227 - INFO - Starting replication 1/20
2026-04-16 17:41:00,763 - INFO - Starting replication 2/20
2026-04-16 17:41:00,763 - INFO - Starting replication 2/20
2026-04-16 17:41:00,763 - INFO - Starting replication 2/20
2026-04-16 17:41:00,763 - INFO - Starting replication 2/20
2026-04-16 17:41:00,763 - INFO - Starting replication 2/20
2026-04-16 17:41:12,105 - INFO - Starting replication 3/20
2026-04-16 17:41:12,105 - INFO - Starting replication 3/20
2026-04-16 17:41:12,105 - INFO - Starting replication 3/20
2026-04-16 17:41:12,105 - INFO - Starting replication 3/20
2026-04-16 17:41:12,105 - INFO - Starting replication 3/20
2026-04-16 17:41:24,210 - INFO - Starting replication 4/20
2026-04-16 17:41:24,210 - INFO - Starting replication 4/20
2026-04-16 17:41:24,210 - INFO - Starting replication 4/20
2026-04-16 17:41:24,210 - INFO - Starting replication 4/20
2026-04-16 17:41:24,210 - INFO - Starting replication 4/20
2026-04-16 17:41:36,613 - INFO - Starting replication 5/20
2026-04-16 17:41:36,613 - INFO - Starting replication 5/20
2026-04-16 17:41:36,613 - INFO - Starting replication 5/20
2026-04-16 17:41:36,613 - INFO - Starting replication 5/20
2026-04-16 17:41:36,613 - INFO - Starting replication 5/20
2026-04-16 17:41:48,148 - INFO - Starting replication 6/20
2026-04-16 17:41:48,148 - INFO - Starting replication 6/20
2026-04-16 17:41:48,148 - INFO - Starting replication 6/20
2026-04-16 17:41:48,148 - INFO - Starting replication 6/20
2026-04-16 17:41:48,148 - INFO - Starting replication 6/20
2026-04-16 17:41:59,923 - INFO - Starting replication 7/20
2026-04-16 17:41:59,923 - INFO - Starting replication 7/20
2026-04-16 17:41:59,923 - INFO - Starting replication 7/20
2026-04-16 17:41:59,923 - INFO - Starting replication 7/20
2026-04-16 17:41:59,923 - INFO - Starting replication 7/20
2026-04-16 17:42:11,106 - INFO - Starting replication 8/20
2026-04-16 17:42:11,106 - INFO - Starting replication 8/20
2026-04-16 17:42:11,106 - INFO - Starting replication 8/20
2026-04-16 17:42:11,106 - INFO - Starting replication 8/20
2026-04-16 17:42:11,106 - INFO - Starting replication 8/20
2026-04-16 17:42:21,915 - INFO - Starting replication 9/20
2026-04-16 17:42:21,915 - INFO - Starting replication 9/20
2026-04-16 17:42:21,915 - INFO - Starting replication 9/20
2026-04-16 17:42:21,915 - INFO - Starting replication 9/20
2026-04-16 17:42:21,915 - INFO - Starting replication 9/20
2026-04-16 17:42:32,900 - INFO - Starting replication 10/20
2026-04-16 17:42:32,900 - INFO - Starting replication 10/20
2026-04-16 17:42:32,900 - INFO - Starting replication 10/20
2026-04-16 17:42:32,900 - INFO - Starting replication 10/20
2026-04-16 17:42:32,900 - INFO - Starting replication 10/20
2026-04-16 17:42:43,793 - INFO - Starting replication 11/20
2026-04-16 17:42:43,793 - INFO - Starting replication 11/20
2026-04-16 17:42:43,793 - INFO - Starting replication 11/20
2026-04-16 17:42:43,793 - INFO - Starting replication 11/20
2026-04-16 17:42:43,793 - INFO - Starting replication 11/20
2026-04-16 17:42:54,806 - INFO - Starting replication 12/20
2026-04-16 17:42:54,806 - INFO - Starting replication 12/20
2026-04-16 17:42:54,806 - INFO - Starting replication 12/20
2026-04-16 17:42:54,806 - INFO - Starting replication 12/20
2026-04-16 17:42:54,806 - INFO - Starting replication 12/20
2026-04-16 17:43:06,146 - INFO - Starting replication 13/20
2026-04-16 17:43:06,146 - INFO - Starting replication 13/20
2026-04-16 17:43:06,146 - INFO - Starting replication 13/20
2026-04-16 17:43:06,146 - INFO - Starting replication 13/20
2026-04-16 17:43:06,146 - INFO - Starting replication 13/20
2026-04-16 17:43:17,092 - INFO - Starting replication 14/20
2026-04-16 17:43:17,092 - INFO - Starting replication 14/20
2026-04-16 17:43:17,092 - INFO - Starting replication 14/20
2026-04-16 17:43:17,092 - INFO - Starting replication 14/20
2026-04-16 17:43:17,092 - INFO - Starting replication 14/20
2026-04-16 17:43:28,324 - INFO - Starting replication 15/20
2026-04-16 17:43:28,324 - INFO - Starting replication 15/20
2026-04-16 17:43:28,324 - INFO - Starting replication 15/20
2026-04-16 17:43:28,324 - INFO - Starting replication 15/20
2026-04-16 17:43:28,324 - INFO - Starting replication 15/20
2026-04-16 17:43:39,477 - INFO - Starting replication 16/20
2026-04-16 17:43:39,477 - INFO - Starting replication 16/20
2026-04-16 17:43:39,477 - INFO - Starting replication 16/20
2026-04-16 17:43:39,477 - INFO - Starting replication 16/20
2026-04-16 17:43:39,477 - INFO - Starting replication 16/20
2026-04-16 17:43:50,326 - INFO - Starting replication 17/20
2026-04-16 17:43:50,326 - INFO - Starting replication 17/20
2026-04-16 17:43:50,326 - INFO - Starting replication 17/20
2026-04-16 17:43:50,326 - INFO - Starting replication 17/20
2026-04-16 17:43:50,326 - INFO - Starting replication 17/20
2026-04-16 17:44:01,634 - INFO - Starting replication 18/20
2026-04-16 17:44:01,634 - INFO - Starting replication 18/20
2026-04-16 17:44:01,634 - INFO - Starting replication 18/20
2026-04-16 17:44:01,634 - INFO - Starting replication 18/20
2026-04-16 17:44:01,634 - INFO - Starting replication 18/20
2026-04-16 17:44:13,112 - INFO - Starting replication 19/20
2026-04-16 17:44:13,112 - INFO - Starting replication 19/20
2026-04-16 17:44:13,112 - INFO - Starting replication 19/20
2026-04-16 17:44:13,112 - INFO - Starting replication 19/20
2026-04-16 17:44:13,112 - INFO - Starting replication 19/20
2026-04-16 17:44:24,508 - INFO - Starting replication 20/20
2026-04-16 17:44:24,508 - INFO - Starting replication 20/20
2026-04-16 17:44:24,508 - INFO - Starting replication 20/20
2026-04-16 17:44:24,508 - INFO - Starting replication 20/20
2026-04-16 17:44:24,508 - INFO - Starting replication 20/20
2026-04-16 17:44:35,268 - INFO - Experiment finished.
2026-04-16 17:44:35,268 - INFO - Experiment finished.
2026-04-16 17:44:35,268 - INFO - Experiment finished.
2026-04-16 17:44:35,268 - INFO - Experiment finished.
2026-04-16 17:44:35,268 - INFO - Experiment finished.
2026-04-16 17:44:35,270 - INFO - Generating plots...
2026-04-16 17:44:35,270 - INFO - Generating plots...
2026-04-16 17:44:35,270 - INFO - Generating plots...
2026-04-16 17:44:35,270 - INFO - Generating plots...
2026-04-16 17:44:35,270 - INFO - Generating plots...
2026-04-16 17:49:15,418 - INFO - Starting experiment
2026-04-16 17:49:15,418 - INFO - Starting experiment
2026-04-16 17:49:15,418 - INFO - Starting experiment
2026-04-16 17:49:15,418 - INFO - Starting experiment
2026-04-16 17:49:15,418 - INFO - Starting experiment
2026-04-16 17:49:15,418 - INFO - Starting experiment
2026-04-16 17:49:15,427 - INFO - Starting replication 1/20
2026-04-16 17:49:15,427 - INFO - Starting replication 1/20
2026-04-16 17:49:15,427 - INFO - Starting replication 1/20
2026-04-16 17:49:15,427 - INFO - Starting replication 1/20
2026-04-16 17:49:15,427 - INFO - Starting replication 1/20
2026-04-16 17:49:15,427 - INFO - Starting replication 1/20
2026-04-16 17:49:21,033 - INFO - Starting replication 2/20
2026-04-16 17:49:21,033 - INFO - Starting replication 2/20
2026-04-16 17:49:21,033 - INFO - Starting replication 2/20
2026-04-16 17:49:21,033 - INFO - Starting replication 2/20
2026-04-16 17:49:21,033 - INFO - Starting replication 2/20
2026-04-16 17:49:21,033 - INFO - Starting replication 2/20
2026-04-16 17:49:26,626 - INFO - Starting replication 3/20
2026-04-16 17:49:26,626 - INFO - Starting replication 3/20
2026-04-16 17:49:26,626 - INFO - Starting replication 3/20
2026-04-16 17:49:26,626 - INFO - Starting replication 3/20
2026-04-16 17:49:26,626 - INFO - Starting replication 3/20
2026-04-16 17:49:26,626 - INFO - Starting replication 3/20
2026-04-16 17:49:32,301 - INFO - Starting replication 4/20
2026-04-16 17:49:32,301 - INFO - Starting replication 4/20
2026-04-16 17:49:32,301 - INFO - Starting replication 4/20
2026-04-16 17:49:32,301 - INFO - Starting replication 4/20
2026-04-16 17:49:32,301 - INFO - Starting replication 4/20
2026-04-16 17:49:32,301 - INFO - Starting replication 4/20
2026-04-16 17:49:37,923 - INFO - Starting replication 5/20
2026-04-16 17:49:37,923 - INFO - Starting replication 5/20
2026-04-16 17:49:37,923 - INFO - Starting replication 5/20
2026-04-16 17:49:37,923 - INFO - Starting replication 5/20
2026-04-16 17:49:37,923 - INFO - Starting replication 5/20
2026-04-16 17:49:37,923 - INFO - Starting replication 5/20
2026-04-16 17:49:43,740 - INFO - Starting replication 6/20
2026-04-16 17:49:43,740 - INFO - Starting replication 6/20
2026-04-16 17:49:43,740 - INFO - Starting replication 6/20
2026-04-16 17:49:43,740 - INFO - Starting replication 6/20
2026-04-16 17:49:43,740 - INFO - Starting replication 6/20
2026-04-16 17:49:43,740 - INFO - Starting replication 6/20
2026-04-16 17:49:49,367 - INFO - Starting replication 7/20
2026-04-16 17:49:49,367 - INFO - Starting replication 7/20
2026-04-16 17:49:49,367 - INFO - Starting replication 7/20
2026-04-16 17:49:49,367 - INFO - Starting replication 7/20
2026-04-16 17:49:49,367 - INFO - Starting replication 7/20
2026-04-16 17:49:49,367 - INFO - Starting replication 7/20
2026-04-16 17:49:55,256 - INFO - Starting replication 8/20
2026-04-16 17:49:55,256 - INFO - Starting replication 8/20
2026-04-16 17:49:55,256 - INFO - Starting replication 8/20
2026-04-16 17:49:55,256 - INFO - Starting replication 8/20
2026-04-16 17:49:55,256 - INFO - Starting replication 8/20
2026-04-16 17:49:55,256 - INFO - Starting replication 8/20
2026-04-16 17:50:00,889 - INFO - Starting replication 9/20
2026-04-16 17:50:00,889 - INFO - Starting replication 9/20
2026-04-16 17:50:00,889 - INFO - Starting replication 9/20
2026-04-16 17:50:00,889 - INFO - Starting replication 9/20
2026-04-16 17:50:00,889 - INFO - Starting replication 9/20
2026-04-16 17:50:00,889 - INFO - Starting replication 9/20
2026-04-16 17:50:06,701 - INFO - Starting replication 10/20
2026-04-16 17:50:06,701 - INFO - Starting replication 10/20
2026-04-16 17:50:06,701 - INFO - Starting replication 10/20
2026-04-16 17:50:06,701 - INFO - Starting replication 10/20
2026-04-16 17:50:06,701 - INFO - Starting replication 10/20
2026-04-16 17:50:06,701 - INFO - Starting replication 10/20
2026-04-16 17:50:12,567 - INFO - Starting replication 11/20
2026-04-16 17:50:12,567 - INFO - Starting replication 11/20
2026-04-16 17:50:12,567 - INFO - Starting replication 11/20
2026-04-16 17:50:12,567 - INFO - Starting replication 11/20
2026-04-16 17:50:12,567 - INFO - Starting replication 11/20
2026-04-16 17:50:12,567 - INFO - Starting replication 11/20
2026-04-16 17:50:18,198 - INFO - Starting replication 12/20
2026-04-16 17:50:18,198 - INFO - Starting replication 12/20
2026-04-16 17:50:18,198 - INFO - Starting replication 12/20
2026-04-16 17:50:18,198 - INFO - Starting replication 12/20
2026-04-16 17:50:18,198 - INFO - Starting replication 12/20
2026-04-16 17:50:18,198 - INFO - Starting replication 12/20
2026-04-16 17:50:23,770 - INFO - Starting replication 13/20
2026-04-16 17:50:23,770 - INFO - Starting replication 13/20
2026-04-16 17:50:23,770 - INFO - Starting replication 13/20
2026-04-16 17:50:23,770 - INFO - Starting replication 13/20
2026-04-16 17:50:23,770 - INFO - Starting replication 13/20
2026-04-16 17:50:23,770 - INFO - Starting replication 13/20
2026-04-16 17:50:29,843 - INFO - Starting replication 14/20
2026-04-16 17:50:29,843 - INFO - Starting replication 14/20
2026-04-16 17:50:29,843 - INFO - Starting replication 14/20
2026-04-16 17:50:29,843 - INFO - Starting replication 14/20
2026-04-16 17:50:29,843 - INFO - Starting replication 14/20
2026-04-16 17:50:29,843 - INFO - Starting replication 14/20
2026-04-16 17:50:35,730 - INFO - Starting replication 15/20
2026-04-16 17:50:35,730 - INFO - Starting replication 15/20
2026-04-16 17:50:35,730 - INFO - Starting replication 15/20
2026-04-16 17:50:35,730 - INFO - Starting replication 15/20
2026-04-16 17:50:35,730 - INFO - Starting replication 15/20
2026-04-16 17:50:35,730 - INFO - Starting replication 15/20
2026-04-16 17:50:41,601 - INFO - Starting replication 16/20
2026-04-16 17:50:41,601 - INFO - Starting replication 16/20
2026-04-16 17:50:41,601 - INFO - Starting replication 16/20
2026-04-16 17:50:41,601 - INFO - Starting replication 16/20
2026-04-16 17:50:41,601 - INFO - Starting replication 16/20
2026-04-16 17:50:41,601 - INFO - Starting replication 16/20
2026-04-16 17:50:47,683 - INFO - Starting replication 17/20
2026-04-16 17:50:47,683 - INFO - Starting replication 17/20
2026-04-16 17:50:47,683 - INFO - Starting replication 17/20
2026-04-16 17:50:47,683 - INFO - Starting replication 17/20
2026-04-16 17:50:47,683 - INFO - Starting replication 17/20
2026-04-16 17:50:47,683 - INFO - Starting replication 17/20
2026-04-16 17:50:53,367 - INFO - Starting replication 18/20
2026-04-16 17:50:53,367 - INFO - Starting replication 18/20
2026-04-16 17:50:53,367 - INFO - Starting replication 18/20
2026-04-16 17:50:53,367 - INFO - Starting replication 18/20
2026-04-16 17:50:53,367 - INFO - Starting replication 18/20
2026-04-16 17:50:53,367 - INFO - Starting replication 18/20
2026-04-16 17:50:58,988 - INFO - Starting replication 19/20
2026-04-16 17:50:58,988 - INFO - Starting replication 19/20
2026-04-16 17:50:58,988 - INFO - Starting replication 19/20
2026-04-16 17:50:58,988 - INFO - Starting replication 19/20
2026-04-16 17:50:58,988 - INFO - Starting replication 19/20
2026-04-16 17:50:58,988 - INFO - Starting replication 19/20
2026-04-16 17:51:04,868 - INFO - Starting replication 20/20
2026-04-16 17:51:04,868 - INFO - Starting replication 20/20
2026-04-16 17:51:04,868 - INFO - Starting replication 20/20
2026-04-16 17:51:04,868 - INFO - Starting replication 20/20
2026-04-16 17:51:04,868 - INFO - Starting replication 20/20
2026-04-16 17:51:04,868 - INFO - Starting replication 20/20
2026-04-16 17:51:10,499 - INFO - Experiment finished
2026-04-16 17:51:10,499 - INFO - Experiment finished
2026-04-16 17:51:10,499 - INFO - Experiment finished
2026-04-16 17:51:10,499 - INFO - Experiment finished
2026-04-16 17:51:10,499 - INFO - Experiment finished
2026-04-16 17:51:10,499 - INFO - Experiment finished
2026-04-16 17:51:10,502 - INFO - Plotting results
2026-04-16 17:51:10,502 - INFO - Plotting results
2026-04-16 17:51:10,502 - INFO - Plotting results
2026-04-16 17:51:10,502 - INFO - Plotting results
2026-04-16 17:51:10,502 - INFO - Plotting results
2026-04-16 17:51:10,502 - INFO - Plotting results
2026-04-16 17:53:12,327 - INFO - Starting experiment
2026-04-16 17:53:12,327 - INFO - Starting experiment
2026-04-16 17:53:12,327 - INFO - Starting experiment
2026-04-16 17:53:12,327 - INFO - Starting experiment
2026-04-16 17:53:12,327 - INFO - Starting experiment
2026-04-16 17:53:12,327 - INFO - Starting experiment
2026-04-16 17:53:12,327 - INFO - Starting experiment
2026-04-16 17:53:12,335 - INFO - Starting replication 1/20
2026-04-16 17:53:12,335 - INFO - Starting replication 1/20
2026-04-16 17:53:12,335 - INFO - Starting replication 1/20
2026-04-16 17:53:12,335 - INFO - Starting replication 1/20
2026-04-16 17:53:12,335 - INFO - Starting replication 1/20
2026-04-16 17:53:12,335 - INFO - Starting replication 1/20
2026-04-16 17:53:12,335 - INFO - Starting replication 1/20
2026-04-16 17:53:18,117 - INFO - Starting replication 2/20
2026-04-16 17:53:18,117 - INFO - Starting replication 2/20
2026-04-16 17:53:18,117 - INFO - Starting replication 2/20
2026-04-16 17:53:18,117 - INFO - Starting replication 2/20
2026-04-16 17:53:18,117 - INFO - Starting replication 2/20
2026-04-16 17:53:18,117 - INFO - Starting replication 2/20
2026-04-16 17:53:18,117 - INFO - Starting replication 2/20
2026-04-16 17:53:24,655 - INFO - Starting replication 3/20
2026-04-16 17:53:24,655 - INFO - Starting replication 3/20
2026-04-16 17:53:24,655 - INFO - Starting replication 3/20
2026-04-16 17:53:24,655 - INFO - Starting replication 3/20
2026-04-16 17:53:24,655 - INFO - Starting replication 3/20
2026-04-16 17:53:24,655 - INFO - Starting replication 3/20
2026-04-16 17:53:24,655 - INFO - Starting replication 3/20
2026-04-16 17:53:31,463 - INFO - Starting replication 4/20
2026-04-16 17:53:31,463 - INFO - Starting replication 4/20
2026-04-16 17:53:31,463 - INFO - Starting replication 4/20
2026-04-16 17:53:31,463 - INFO - Starting replication 4/20
2026-04-16 17:53:31,463 - INFO - Starting replication 4/20
2026-04-16 17:53:31,463 - INFO - Starting replication 4/20
2026-04-16 17:53:31,463 - INFO - Starting replication 4/20
2026-04-16 17:53:37,801 - INFO - Starting replication 5/20
2026-04-16 17:53:37,801 - INFO - Starting replication 5/20
2026-04-16 17:53:37,801 - INFO - Starting replication 5/20
2026-04-16 17:53:37,801 - INFO - Starting replication 5/20
2026-04-16 17:53:37,801 - INFO - Starting replication 5/20
2026-04-16 17:53:37,801 - INFO - Starting replication 5/20
2026-04-16 17:53:37,801 - INFO - Starting replication 5/20
2026-04-16 17:53:43,606 - INFO - Starting replication 6/20
2026-04-16 17:53:43,606 - INFO - Starting replication 6/20
2026-04-16 17:53:43,606 - INFO - Starting replication 6/20
2026-04-16 17:53:43,606 - INFO - Starting replication 6/20
2026-04-16 17:53:43,606 - INFO - Starting replication 6/20
2026-04-16 17:53:43,606 - INFO - Starting replication 6/20
2026-04-16 17:53:43,606 - INFO - Starting replication 6/20
2026-04-16 17:53:49,425 - INFO - Starting replication 7/20
2026-04-16 17:53:49,425 - INFO - Starting replication 7/20
2026-04-16 17:53:49,425 - INFO - Starting replication 7/20
2026-04-16 17:53:49,425 - INFO - Starting replication 7/20
2026-04-16 17:53:49,425 - INFO - Starting replication 7/20
2026-04-16 17:53:49,425 - INFO - Starting replication 7/20
2026-04-16 17:53:49,425 - INFO - Starting replication 7/20
2026-04-16 17:53:55,135 - INFO - Starting replication 8/20
2026-04-16 17:53:55,135 - INFO - Starting replication 8/20
2026-04-16 17:53:55,135 - INFO - Starting replication 8/20
2026-04-16 17:53:55,135 - INFO - Starting replication 8/20
2026-04-16 17:53:55,135 - INFO - Starting replication 8/20
2026-04-16 17:53:55,135 - INFO - Starting replication 8/20
2026-04-16 17:53:55,135 - INFO - Starting replication 8/20
2026-04-16 17:54:01,011 - INFO - Starting replication 9/20
2026-04-16 17:54:01,011 - INFO - Starting replication 9/20
2026-04-16 17:54:01,011 - INFO - Starting replication 9/20
2026-04-16 17:54:01,011 - INFO - Starting replication 9/20
2026-04-16 17:54:01,011 - INFO - Starting replication 9/20
2026-04-16 17:54:01,011 - INFO - Starting replication 9/20
2026-04-16 17:54:01,011 - INFO - Starting replication 9/20
2026-04-16 17:54:06,949 - INFO - Starting replication 10/20
2026-04-16 17:54:06,949 - INFO - Starting replication 10/20
2026-04-16 17:54:06,949 - INFO - Starting replication 10/20
2026-04-16 17:54:06,949 - INFO - Starting replication 10/20
2026-04-16 17:54:06,949 - INFO - Starting replication 10/20
2026-04-16 17:54:06,949 - INFO - Starting replication 10/20
2026-04-16 17:54:06,949 - INFO - Starting replication 10/20
2026-04-16 17:54:12,672 - INFO - Starting replication 11/20
2026-04-16 17:54:12,672 - INFO - Starting replication 11/20
2026-04-16 17:54:12,672 - INFO - Starting replication 11/20
2026-04-16 17:54:12,672 - INFO - Starting replication 11/20
2026-04-16 17:54:12,672 - INFO - Starting replication 11/20
2026-04-16 17:54:12,672 - INFO - Starting replication 11/20
2026-04-16 17:54:12,672 - INFO - Starting replication 11/20
2026-04-16 17:54:18,339 - INFO - Starting replication 12/20
2026-04-16 17:54:18,339 - INFO - Starting replication 12/20
2026-04-16 17:54:18,339 - INFO - Starting replication 12/20
2026-04-16 17:54:18,339 - INFO - Starting replication 12/20
2026-04-16 17:54:18,339 - INFO - Starting replication 12/20
2026-04-16 17:54:18,339 - INFO - Starting replication 12/20
2026-04-16 17:54:18,339 - INFO - Starting replication 12/20
2026-04-16 17:54:24,210 - INFO - Starting replication 13/20
2026-04-16 17:54:24,210 - INFO - Starting replication 13/20
2026-04-16 17:54:24,210 - INFO - Starting replication 13/20
2026-04-16 17:54:24,210 - INFO - Starting replication 13/20
2026-04-16 17:54:24,210 - INFO - Starting replication 13/20
2026-04-16 17:54:24,210 - INFO - Starting replication 13/20
2026-04-16 17:54:24,210 - INFO - Starting replication 13/20
2026-04-16 17:54:30,510 - INFO - Starting replication 14/20
2026-04-16 17:54:30,510 - INFO - Starting replication 14/20
2026-04-16 17:54:30,510 - INFO - Starting replication 14/20
2026-04-16 17:54:30,510 - INFO - Starting replication 14/20
2026-04-16 17:54:30,510 - INFO - Starting replication 14/20
2026-04-16 17:54:30,510 - INFO - Starting replication 14/20
2026-04-16 17:54:30,510 - INFO - Starting replication 14/20
2026-04-16 17:54:36,147 - INFO - Starting replication 15/20
2026-04-16 17:54:36,147 - INFO - Starting replication 15/20
2026-04-16 17:54:36,147 - INFO - Starting replication 15/20
2026-04-16 17:54:36,147 - INFO - Starting replication 15/20
2026-04-16 17:54:36,147 - INFO - Starting replication 15/20
2026-04-16 17:54:36,147 - INFO - Starting replication 15/20
2026-04-16 17:54:36,147 - INFO - Starting replication 15/20
2026-04-16 17:54:42,062 - INFO - Starting replication 16/20
2026-04-16 17:54:42,062 - INFO - Starting replication 16/20
2026-04-16 17:54:42,062 - INFO - Starting replication 16/20
2026-04-16 17:54:42,062 - INFO - Starting replication 16/20
2026-04-16 17:54:42,062 - INFO - Starting replication 16/20
2026-04-16 17:54:42,062 - INFO - Starting replication 16/20
2026-04-16 17:54:42,062 - INFO - Starting replication 16/20
2026-04-16 17:54:47,714 - INFO - Starting replication 17/20
2026-04-16 17:54:47,714 - INFO - Starting replication 17/20
2026-04-16 17:54:47,714 - INFO - Starting replication 17/20
2026-04-16 17:54:47,714 - INFO - Starting replication 17/20
2026-04-16 17:54:47,714 - INFO - Starting replication 17/20
2026-04-16 17:54:47,714 - INFO - Starting replication 17/20
2026-04-16 17:54:47,714 - INFO - Starting replication 17/20
2026-04-16 17:54:53,604 - INFO - Starting replication 18/20
2026-04-16 17:54:53,604 - INFO - Starting replication 18/20
2026-04-16 17:54:53,604 - INFO - Starting replication 18/20
2026-04-16 17:54:53,604 - INFO - Starting replication 18/20
2026-04-16 17:54:53,604 - INFO - Starting replication 18/20
2026-04-16 17:54:53,604 - INFO - Starting replication 18/20
2026-04-16 17:54:53,604 - INFO - Starting replication 18/20
2026-04-16 17:54:59,270 - INFO - Starting replication 19/20
2026-04-16 17:54:59,270 - INFO - Starting replication 19/20
2026-04-16 17:54:59,270 - INFO - Starting replication 19/20
2026-04-16 17:54:59,270 - INFO - Starting replication 19/20
2026-04-16 17:54:59,270 - INFO - Starting replication 19/20
2026-04-16 17:54:59,270 - INFO - Starting replication 19/20
2026-04-16 17:54:59,270 - INFO - Starting replication 19/20
2026-04-16 17:55:05,165 - INFO - Starting replication 20/20
2026-04-16 17:55:05,165 - INFO - Starting replication 20/20
2026-04-16 17:55:05,165 - INFO - Starting replication 20/20
2026-04-16 17:55:05,165 - INFO - Starting replication 20/20
2026-04-16 17:55:05,165 - INFO - Starting replication 20/20
2026-04-16 17:55:05,165 - INFO - Starting replication 20/20
2026-04-16 17:55:05,165 - INFO - Starting replication 20/20
2026-04-16 17:55:10,864 - INFO - Experiment finished
2026-04-16 17:55:10,864 - INFO - Experiment finished
2026-04-16 17:55:10,864 - INFO - Experiment finished
2026-04-16 17:55:10,864 - INFO - Experiment finished
2026-04-16 17:55:10,864 - INFO - Experiment finished
2026-04-16 17:55:10,864 - INFO - Experiment finished
2026-04-16 17:55:10,864 - INFO - Experiment finished
2026-04-16 17:55:10,868 - INFO - Plotting results
2026-04-16 17:55:10,868 - INFO - Plotting results
2026-04-16 17:55:10,868 - INFO - Plotting results
2026-04-16 17:55:10,868 - INFO - Plotting results
2026-04-16 17:55:10,868 - INFO - Plotting results
2026-04-16 17:55:10,868 - INFO - Plotting results
2026-04-16 17:55:10,868 - INFO - Plotting results
2026-04-16 18:01:33,273 - INFO - Starting experiment
2026-04-16 18:01:33,275 - INFO - Replication 1/20
2026-04-16 18:01:40,667 - INFO - Replication 2/20
2026-04-16 18:01:45,330 - INFO - Replication 3/20
2026-04-16 18:01:50,184 - INFO - Replication 4/20
2026-04-16 18:01:54,807 - INFO - Replication 5/20
2026-04-16 18:01:59,585 - INFO - Replication 6/20
2026-04-16 18:02:04,503 - INFO - Replication 7/20
2026-04-16 18:02:09,248 - INFO - Replication 8/20
2026-04-16 18:02:13,952 - INFO - Replication 9/20
2026-04-16 18:02:18,840 - INFO - Replication 10/20
2026-04-16 18:02:23,690 - INFO - Replication 11/20
2026-04-16 18:02:28,219 - INFO - Replication 12/20
2026-04-16 18:02:33,017 - INFO - Replication 13/20
2026-04-16 18:02:37,663 - INFO - Replication 14/20
2026-04-16 18:02:42,243 - INFO - Replication 15/20
2026-04-16 18:02:46,936 - INFO - Replication 16/20
2026-04-16 18:02:51,856 - INFO - Replication 17/20
2026-04-16 18:02:56,705 - INFO - Replication 18/20
2026-04-16 18:03:01,592 - INFO - Replication 19/20
2026-04-16 18:03:06,392 - INFO - Replication 20/20
2026-04-16 18:03:11,403 - INFO - Experiment finished
2026-04-16 18:03:11,403 - INFO - Plotting results
2026-04-16 18:03:50,055 - INFO - Starting experiment
2026-04-16 18:03:50,055 - INFO - Starting experiment
2026-04-16 18:03:50,056 - INFO - Replication 1/20
2026-04-16 18:03:50,056 - INFO - Replication 1/20
2026-04-16 18:03:54,912 - INFO - Replication 2/20
2026-04-16 18:03:54,912 - INFO - Replication 2/20
2026-04-16 18:03:59,655 - INFO - Replication 3/20
2026-04-16 18:03:59,655 - INFO - Replication 3/20
2026-04-16 18:04:04,660 - INFO - Replication 4/20
2026-04-16 18:04:04,660 - INFO - Replication 4/20
2026-04-16 18:04:09,353 - INFO - Replication 5/20
2026-04-16 18:04:09,353 - INFO - Replication 5/20
2026-04-16 18:04:14,239 - INFO - Replication 6/20
2026-04-16 18:04:14,239 - INFO - Replication 6/20
2026-04-16 18:04:19,198 - INFO - Replication 7/20
2026-04-16 18:04:19,198 - INFO - Replication 7/20
2026-04-16 18:04:23,955 - INFO - Replication 8/20
2026-04-16 18:04:23,955 - INFO - Replication 8/20
2026-04-16 18:04:28,643 - INFO - Replication 9/20
2026-04-16 18:04:28,643 - INFO - Replication 9/20
2026-04-16 18:04:33,682 - INFO - Replication 10/20
2026-04-16 18:04:33,682 - INFO - Replication 10/20
2026-04-16 18:04:38,658 - INFO - Replication 11/20
2026-04-16 18:04:38,658 - INFO - Replication 11/20
2026-04-16 18:04:43,269 - INFO - Replication 12/20
2026-04-16 18:04:43,269 - INFO - Replication 12/20
2026-04-16 18:04:48,474 - INFO - Replication 13/20
2026-04-16 18:04:48,474 - INFO - Replication 13/20
2026-04-16 18:04:53,342 - INFO - Replication 14/20
2026-04-16 18:04:53,342 - INFO - Replication 14/20
2026-04-16 18:04:58,093 - INFO - Replication 15/20
2026-04-16 18:04:58,093 - INFO - Replication 15/20
2026-04-16 18:05:02,847 - INFO - Replication 16/20
2026-04-16 18:05:02,847 - INFO - Replication 16/20
2026-04-16 18:05:07,762 - INFO - Replication 17/20
2026-04-16 18:05:07,762 - INFO - Replication 17/20
2026-04-16 18:05:12,781 - INFO - Replication 18/20
2026-04-16 18:05:12,781 - INFO - Replication 18/20
2026-04-16 18:05:17,806 - INFO - Replication 19/20
2026-04-16 18:05:17,806 - INFO - Replication 19/20
2026-04-16 18:05:22,898 - INFO - Replication 20/20
2026-04-16 18:05:22,898 - INFO - Replication 20/20
2026-04-16 18:05:27,976 - INFO - Experiment finished
2026-04-16 18:05:27,976 - INFO - Experiment finished
2026-04-16 18:05:27,977 - INFO - Plotting results
2026-04-16 18:05:27,977 - INFO - Plotting results
2026-04-16 18:05:42,806 - INFO - Starting experiment
2026-04-16 18:05:42,806 - INFO - Starting experiment
2026-04-16 18:05:42,806 - INFO - Starting experiment
2026-04-16 18:05:42,808 - INFO - Replication 1/20
2026-04-16 18:05:42,808 - INFO - Replication 1/20
2026-04-16 18:05:42,808 - INFO - Replication 1/20
2026-04-16 18:05:47,683 - INFO - Replication 2/20
2026-04-16 18:05:47,683 - INFO - Replication 2/20
2026-04-16 18:05:47,683 - INFO - Replication 2/20
2026-04-16 18:05:52,545 - INFO - Replication 3/20
2026-04-16 18:05:52,545 - INFO - Replication 3/20
2026-04-16 18:05:52,545 - INFO - Replication 3/20
2026-04-16 18:05:57,551 - INFO - Replication 4/20
2026-04-16 18:05:57,551 - INFO - Replication 4/20
2026-04-16 18:05:57,551 - INFO - Replication 4/20
2026-04-16 18:06:02,537 - INFO - Replication 5/20
2026-04-16 18:06:02,537 - INFO - Replication 5/20
2026-04-16 18:06:02,537 - INFO - Replication 5/20
2026-04-16 18:06:07,558 - INFO - Replication 6/20
2026-04-16 18:06:07,558 - INFO - Replication 6/20
2026-04-16 18:06:07,558 - INFO - Replication 6/20
2026-04-16 18:06:12,471 - INFO - Replication 7/20
2026-04-16 18:06:12,471 - INFO - Replication 7/20
2026-04-16 18:06:12,471 - INFO - Replication 7/20
2026-04-16 18:06:17,256 - INFO - Replication 8/20
2026-04-16 18:06:17,256 - INFO - Replication 8/20
2026-04-16 18:06:17,256 - INFO - Replication 8/20
2026-04-16 18:06:21,987 - INFO - Replication 9/20
2026-04-16 18:06:21,987 - INFO - Replication 9/20
2026-04-16 18:06:21,987 - INFO - Replication 9/20
2026-04-16 18:06:26,863 - INFO - Replication 10/20
2026-04-16 18:06:26,863 - INFO - Replication 10/20
2026-04-16 18:06:26,863 - INFO - Replication 10/20
2026-04-16 18:06:32,254 - INFO - Replication 11/20
2026-04-16 18:06:32,254 - INFO - Replication 11/20
2026-04-16 18:06:32,254 - INFO - Replication 11/20
2026-04-16 18:06:37,236 - INFO - Replication 12/20
2026-04-16 18:06:37,236 - INFO - Replication 12/20
2026-04-16 18:06:37,236 - INFO - Replication 12/20
2026-04-16 18:06:42,315 - INFO - Replication 13/20
2026-04-16 18:06:42,315 - INFO - Replication 13/20
2026-04-16 18:06:42,315 - INFO - Replication 13/20
2026-04-16 18:06:47,584 - INFO - Replication 14/20
2026-04-16 18:06:47,584 - INFO - Replication 14/20
2026-04-16 18:06:47,584 - INFO - Replication 14/20
2026-04-16 18:06:52,811 - INFO - Replication 15/20
2026-04-16 18:06:52,811 - INFO - Replication 15/20
2026-04-16 18:06:52,811 - INFO - Replication 15/20
2026-04-16 18:06:58,264 - INFO - Replication 16/20
2026-04-16 18:06:58,264 - INFO - Replication 16/20
2026-04-16 18:06:58,264 - INFO - Replication 16/20
2026-04-16 18:07:03,852 - INFO - Replication 17/20
2026-04-16 18:07:03,852 - INFO - Replication 17/20
2026-04-16 18:07:03,852 - INFO - Replication 17/20
2026-04-16 18:07:09,319 - INFO - Replication 18/20
2026-04-16 18:07:09,319 - INFO - Replication 18/20
2026-04-16 18:07:09,319 - INFO - Replication 18/20
2026-04-16 18:07:14,913 - INFO - Replication 19/20
2026-04-16 18:07:14,913 - INFO - Replication 19/20
2026-04-16 18:07:14,913 - INFO - Replication 19/20
2026-04-16 18:07:20,485 - INFO - Replication 20/20
2026-04-16 18:07:20,485 - INFO - Replication 20/20
2026-04-16 18:07:20,485 - INFO - Replication 20/20
2026-04-16 18:07:26,090 - INFO - Experiment finished
2026-04-16 18:07:26,090 - INFO - Experiment finished
2026-04-16 18:07:26,090 - INFO - Experiment finished
2026-04-16 18:15:20,165 - INFO - Application started.
2026-04-16 18:15:20,173 - INFO - Starting the experiment...
2026-04-16 18:15:20,179 - INFO - Starting replication 1/10
2026-04-16 18:15:24,369 - INFO - Starting replication 2/10
2026-04-16 18:15:26,225 - INFO - Starting replication 3/10
2026-04-16 18:15:28,057 - INFO - Starting replication 4/10
2026-04-16 18:15:30,015 - INFO - Starting replication 5/10
2026-04-16 18:15:31,819 - INFO - Starting replication 6/10
2026-04-16 18:15:33,731 - INFO - Starting replication 7/10
2026-04-16 18:15:35,716 - INFO - Starting replication 8/10
2026-04-16 18:15:37,504 - INFO - Starting replication 9/10
2026-04-16 18:15:39,377 - INFO - Starting replication 10/10
2026-04-16 18:15:41,344 - INFO - Experiment completed successfully.
2026-04-16 18:15:41,344 - INFO - Generating plots for the experiment results...
2026-04-16 18:15:42,007 - INFO - Plots generated successfully.
2026-04-16 18:15:42,007 - INFO - Application finished successfully.
2026-04-16 18:25:03,596 - INFO - Application started.
2026-04-16 18:25:03,596 - INFO - Application started.
2026-04-16 18:25:03,603 - INFO - Starting the experiment...
2026-04-16 18:25:03,603 - INFO - Starting the experiment...
2026-04-16 18:25:03,610 - INFO - Starting replication 1/10
2026-04-16 18:25:03,610 - INFO - Starting replication 1/10
2026-04-16 18:25:07,724 - INFO - Starting replication 2/10
2026-04-16 18:25:07,724 - INFO - Starting replication 2/10
2026-04-16 18:25:09,651 - INFO - Starting replication 3/10
2026-04-16 18:25:09,651 - INFO - Starting replication 3/10
2026-04-16 18:25:11,440 - INFO - Starting replication 4/10
2026-04-16 18:25:11,440 - INFO - Starting replication 4/10
2026-04-16 18:25:13,216 - INFO - Starting replication 5/10
2026-04-16 18:25:13,216 - INFO - Starting replication 5/10
2026-04-16 18:25:15,242 - INFO - Starting replication 6/10
2026-04-16 18:25:15,242 - INFO - Starting replication 6/10
2026-04-16 18:25:17,388 - INFO - Starting replication 7/10
2026-04-16 18:25:17,388 - INFO - Starting replication 7/10
2026-04-16 18:25:19,563 - INFO - Starting replication 8/10
2026-04-16 18:25:19,563 - INFO - Starting replication 8/10
2026-04-16 18:25:21,389 - INFO - Starting replication 9/10
2026-04-16 18:25:21,389 - INFO - Starting replication 9/10
2026-04-16 18:25:23,378 - INFO - Starting replication 10/10
2026-04-16 18:25:23,378 - INFO - Starting replication 10/10
2026-04-16 18:25:25,366 - INFO - Experiment completed successfully.
2026-04-16 18:25:25,366 - INFO - Experiment completed successfully.
2026-04-16 18:25:25,367 - INFO - Generating plots for the experiment results...
2026-04-16 18:25:25,367 - INFO - Generating plots for the experiment results...
2026-04-16 18:25:25,936 - INFO - Plots generated successfully.
2026-04-16 18:25:25,936 - INFO - Plots generated successfully.
2026-04-16 18:25:25,937 - INFO - Application finished successfully.
2026-04-16 18:25:25,937 - INFO - Application finished successfully.
2026-04-16 18:26:58,487 - INFO - Application started.
2026-04-16 18:26:58,487 - INFO - Application started.
2026-04-16 18:26:58,487 - INFO - Application started.
2026-04-16 18:26:58,495 - INFO - Starting the experiment...
2026-04-16 18:26:58,495 - INFO - Starting the experiment...
2026-04-16 18:26:58,495 - INFO - Starting the experiment...
2026-04-16 18:26:58,502 - INFO - Starting replication 1/10
2026-04-16 18:26:58,502 - INFO - Starting replication 1/10
2026-04-16 18:26:58,502 - INFO - Starting replication 1/10
2026-04-16 18:27:00,365 - INFO - Starting replication 2/10
2026-04-16 18:27:00,365 - INFO - Starting replication 2/10
2026-04-16 18:27:00,365 - INFO - Starting replication 2/10
2026-04-16 18:27:02,164 - INFO - Starting replication 3/10
2026-04-16 18:27:02,164 - INFO - Starting replication 3/10
2026-04-16 18:27:02,164 - INFO - Starting replication 3/10
2026-04-16 18:27:03,953 - INFO - Starting replication 4/10
2026-04-16 18:27:03,953 - INFO - Starting replication 4/10
2026-04-16 18:27:03,953 - INFO - Starting replication 4/10
2026-04-16 18:27:06,153 - INFO - Starting replication 5/10
2026-04-16 18:27:06,153 - INFO - Starting replication 5/10
2026-04-16 18:27:06,153 - INFO - Starting replication 5/10
2026-04-16 18:27:08,069 - INFO - Starting replication 6/10
2026-04-16 18:27:08,069 - INFO - Starting replication 6/10
2026-04-16 18:27:08,069 - INFO - Starting replication 6/10
2026-04-16 18:27:09,883 - INFO - Starting replication 7/10
2026-04-16 18:27:09,883 - INFO - Starting replication 7/10
2026-04-16 18:27:09,883 - INFO - Starting replication 7/10
2026-04-16 18:27:12,025 - INFO - Starting replication 8/10
2026-04-16 18:27:12,025 - INFO - Starting replication 8/10
2026-04-16 18:27:12,025 - INFO - Starting replication 8/10
2026-04-16 18:27:14,189 - INFO - Starting replication 9/10
2026-04-16 18:27:14,189 - INFO - Starting replication 9/10
2026-04-16 18:27:14,189 - INFO - Starting replication 9/10
2026-04-16 18:27:16,398 - INFO - Starting replication 10/10
2026-04-16 18:27:16,398 - INFO - Starting replication 10/10
2026-04-16 18:27:16,398 - INFO - Starting replication 10/10
2026-04-16 18:27:18,331 - INFO - Experiment completed successfully.
2026-04-16 18:27:18,331 - INFO - Experiment completed successfully.
2026-04-16 18:27:18,331 - INFO - Experiment completed successfully.
2026-04-16 18:27:18,333 - INFO - Generating plots for the experiment results...
2026-04-16 18:27:18,333 - INFO - Generating plots for the experiment results...
2026-04-16 18:27:18,333 - INFO - Generating plots for the experiment results...
2026-04-16 18:27:18,926 - INFO - Plots generated successfully.
2026-04-16 18:27:18,926 - INFO - Plots generated successfully.
2026-04-16 18:27:18,926 - INFO - Plots generated successfully.
2026-04-16 18:27:18,927 - INFO - Application finished successfully.
2026-04-16 18:27:18,927 - INFO - Application finished successfully.
2026-04-16 18:27:18,927 - INFO - Application finished successfully.
2026-04-16 18:29:09,430 - INFO - Application started.
2026-04-16 18:29:09,430 - INFO - Application started.
2026-04-16 18:29:09,430 - INFO - Application started.
2026-04-16 18:29:09,430 - INFO - Application started.
2026-04-16 18:29:09,437 - INFO - Starting the experiment...
2026-04-16 18:29:09,437 - INFO - Starting the experiment...
2026-04-16 18:29:09,437 - INFO - Starting the experiment...
2026-04-16 18:29:09,437 - INFO - Starting the experiment...
2026-04-16 18:29:09,445 - INFO - Starting replication 1/10
2026-04-16 18:29:09,445 - INFO - Starting replication 1/10
2026-04-16 18:29:09,445 - INFO - Starting replication 1/10
2026-04-16 18:29:09,445 - INFO - Starting replication 1/10
2026-04-16 18:29:11,311 - INFO - Starting replication 2/10
2026-04-16 18:29:11,311 - INFO - Starting replication 2/10
2026-04-16 18:29:11,311 - INFO - Starting replication 2/10
2026-04-16 18:29:11,311 - INFO - Starting replication 2/10
2026-04-16 18:29:13,104 - INFO - Starting replication 3/10
2026-04-16 18:29:13,104 - INFO - Starting replication 3/10
2026-04-16 18:29:13,104 - INFO - Starting replication 3/10
2026-04-16 18:29:13,104 - INFO - Starting replication 3/10
2026-04-16 18:29:15,041 - INFO - Starting replication 4/10
2026-04-16 18:29:15,041 - INFO - Starting replication 4/10
2026-04-16 18:29:15,041 - INFO - Starting replication 4/10
2026-04-16 18:29:15,041 - INFO - Starting replication 4/10
2026-04-16 18:29:16,982 - INFO - Starting replication 5/10
2026-04-16 18:29:16,982 - INFO - Starting replication 5/10
2026-04-16 18:29:16,982 - INFO - Starting replication 5/10
2026-04-16 18:29:16,982 - INFO - Starting replication 5/10
2026-04-16 18:29:18,771 - INFO - Starting replication 6/10
2026-04-16 18:29:18,771 - INFO - Starting replication 6/10
2026-04-16 18:29:18,771 - INFO - Starting replication 6/10
2026-04-16 18:29:18,771 - INFO - Starting replication 6/10
2026-04-16 18:29:20,604 - INFO - Starting replication 7/10
2026-04-16 18:29:20,604 - INFO - Starting replication 7/10
2026-04-16 18:29:20,604 - INFO - Starting replication 7/10
2026-04-16 18:29:20,604 - INFO - Starting replication 7/10
2026-04-16 18:29:22,410 - INFO - Starting replication 8/10
2026-04-16 18:29:22,410 - INFO - Starting replication 8/10
2026-04-16 18:29:22,410 - INFO - Starting replication 8/10
2026-04-16 18:29:22,410 - INFO - Starting replication 8/10
2026-04-16 18:29:24,604 - INFO - Starting replication 9/10
2026-04-16 18:29:24,604 - INFO - Starting replication 9/10
2026-04-16 18:29:24,604 - INFO - Starting replication 9/10
2026-04-16 18:29:24,604 - INFO - Starting replication 9/10
2026-04-16 18:29:26,533 - INFO - Starting replication 10/10
2026-04-16 18:29:26,533 - INFO - Starting replication 10/10
2026-04-16 18:29:26,533 - INFO - Starting replication 10/10
2026-04-16 18:29:26,533 - INFO - Starting replication 10/10
2026-04-16 18:29:28,345 - INFO - Experiment completed successfully.
2026-04-16 18:29:28,345 - INFO - Experiment completed successfully.
2026-04-16 18:29:28,345 - INFO - Experiment completed successfully.
2026-04-16 18:29:28,345 - INFO - Experiment completed successfully.
2026-04-16 18:29:28,347 - INFO - Generating plots for the experiment results...
2026-04-16 18:29:28,347 - INFO - Generating plots for the experiment results...
2026-04-16 18:29:28,347 - INFO - Generating plots for the experiment results...
2026-04-16 18:29:28,347 - INFO - Generating plots for the experiment results...
2026-04-16 18:29:29,016 - INFO - Plots generated successfully.
2026-04-16 18:29:29,016 - INFO - Plots generated successfully.
2026-04-16 18:29:29,016 - INFO - Plots generated successfully.
2026-04-16 18:29:29,016 - INFO - Plots generated successfully.
2026-04-16 18:29:29,018 - INFO - Application finished successfully.
2026-04-16 18:29:29,018 - INFO - Application finished successfully.
2026-04-16 18:29:29,018 - INFO - Application finished successfully.
2026-04-16 18:29:29,018 - INFO - Application finished successfully.
2026-04-16 18:33:15,096 - INFO - Application started.
2026-04-16 18:33:15,104 - INFO - Starting the experiment...
2026-04-16 18:33:15,110 - INFO - Replication 1/10
2026-04-16 18:33:34,499 - INFO - Application started.
2026-04-16 18:33:34,499 - INFO - Application started.
2026-04-16 18:33:34,505 - INFO - Starting the experiment...
2026-04-16 18:33:34,505 - INFO - Starting the experiment...
2026-04-16 18:33:34,512 - INFO - Replication 1/10
2026-04-16 18:33:34,512 - INFO - Replication 1/10
2026-04-16 19:01:19,540 - INFO - Application started.
2026-04-16 19:01:19,548 - INFO - Starting the experiment...
2026-04-16 19:01:19,555 - INFO - Starting replication 1/10
2026-04-16 19:01:44,122 - INFO - Application started.
2026-04-16 19:01:44,122 - INFO - Application started.
2026-04-16 19:01:44,129 - INFO - Starting the experiment...
2026-04-16 19:01:44,129 - INFO - Starting the experiment...
2026-04-16 19:01:44,135 - INFO - Starting replication 1/10
2026-04-16 19:01:44,135 - INFO - Starting replication 1/10
2026-04-16 19:02:11,478 - INFO - Application started.
2026-04-16 19:02:11,487 - INFO - Starting the experiment...
2026-04-16 19:02:11,496 - INFO - Starting replication 1/10
2026-04-16 19:03:40,527 - INFO - Application started.
2026-04-16 19:03:40,527 - INFO - Application started.
2026-04-16 19:03:40,533 - INFO - Starting the experiment...
2026-04-16 19:03:40,533 - INFO - Starting the experiment...
2026-04-16 19:03:40,540 - INFO - Starting replication 1/10
2026-04-16 19:03:40,540 - INFO - Starting replication 1/10
2026-04-16 19:32:01,539 - INFO - Application started.
2026-04-16 19:32:01,547 - INFO - Starting the experiment...
2026-04-16 19:32:01,554 - INFO - Starting replication 1/10
2026-04-16 19:32:03,638 - INFO - Starting replication 2/10
2026-04-16 19:32:04,506 - INFO - Starting replication 3/10
2026-04-16 19:32:04,543 - INFO - Starting replication 4/10
2026-04-16 19:32:04,579 - INFO - Starting replication 5/10
2026-04-16 19:32:04,616 - INFO - Starting replication 6/10
2026-04-16 19:32:04,651 - INFO - Starting replication 7/10
2026-04-16 19:32:04,687 - INFO - Starting replication 8/10
2026-04-16 19:32:04,723 - INFO - Starting replication 9/10
2026-04-16 19:32:04,758 - INFO - Starting replication 10/10
2026-04-16 19:32:04,795 - INFO - Experiment completed successfully.
2026-04-16 19:32:04,795 - INFO - Generating plots for the experiment results...
2026-04-16 19:32:05,382 - INFO - Plots generated successfully.
2026-04-16 19:32:05,382 - INFO - Application finished successfully.
2026-04-16 19:40:48,299 - INFO - Application started.
2026-04-16 19:41:07,116 - INFO - Application started.
2026-04-16 19:41:07,116 - INFO - Application started.
2026-04-16 19:41:07,122 - INFO - Starting the experiment...
2026-04-16 19:41:07,122 - INFO - Starting the experiment...
2026-04-16 19:41:07,129 - INFO - Starting replication 1/15
2026-04-16 19:41:07,129 - INFO - Starting replication 1/15
2026-04-16 19:42:42,646 - INFO - Application started.
2026-04-16 19:42:42,646 - INFO - Application started.
2026-04-16 19:42:42,646 - INFO - Application started.
2026-04-16 19:42:42,653 - INFO - Starting the experiment...
2026-04-16 19:42:42,653 - INFO - Starting the experiment...
2026-04-16 19:42:42,653 - INFO - Starting the experiment...
2026-04-16 19:42:42,660 - INFO - Starting replication 1/15
2026-04-16 19:42:42,660 - INFO - Starting replication 1/15
2026-04-16 19:42:42,660 - INFO - Starting replication 1/15
2026-04-16 19:45:25,638 - INFO - Application started.
2026-04-16 19:45:25,646 - INFO - Starting the experiment...
2026-04-16 19:45:25,653 - INFO - Starting replication 1/15
2026-04-16 19:47:03,512 - INFO - Application started.
2026-04-16 19:47:03,512 - INFO - Application started.
2026-04-16 19:47:03,519 - INFO - Starting the experiment...
2026-04-16 19:47:03,519 - INFO - Starting the experiment...
2026-04-16 19:47:03,526 - INFO - Starting replication 1/15
2026-04-16 19:47:03,526 - INFO - Starting replication 1/15
2026-04-16 19:48:24,686 - INFO - Application started.
2026-04-16 19:48:24,694 - INFO - Starting the experiment...
2026-04-16 19:48:24,701 - INFO - Starting replication 1/15
2026-04-16 19:48:31,667 - INFO - Starting replication 2/15
2026-04-16 19:48:36,111 - INFO - Starting replication 3/15
2026-04-16 19:48:40,618 - INFO - Starting replication 4/15
2026-04-16 19:48:45,272 - INFO - Starting replication 5/15
2026-04-16 19:48:49,854 - INFO - Starting replication 6/15
2026-04-16 19:48:54,353 - INFO - Starting replication 7/15
2026-04-16 19:48:59,165 - INFO - Starting replication 8/15
2026-04-16 19:49:03,772 - INFO - Starting replication 9/15
2026-04-16 19:49:08,518 - INFO - Starting replication 10/15
2026-04-16 19:49:13,490 - INFO - Starting replication 11/15
2026-04-16 19:49:18,283 - INFO - Starting replication 12/15
2026-04-16 19:49:22,759 - INFO - Starting replication 13/15
2026-04-16 19:49:27,726 - INFO - Starting replication 14/15
2026-04-16 19:49:32,635 - INFO - Starting replication 15/15
2026-04-16 19:49:37,169 - INFO - Experiment completed successfully.
2026-04-16 19:49:37,169 - INFO - Generating plots for the experiment results...
2026-04-16 19:52:22,959 - INFO - Application started.
2026-04-16 19:52:22,969 - INFO - Starting the experiment...
2026-04-16 19:52:22,976 - INFO - Starting replication 1/15
2026-04-16 19:52:29,967 - INFO - Starting replication 2/15
2026-04-16 19:52:34,800 - INFO - Starting replication 3/15
2026-04-16 19:53:00,386 - INFO - Application started.
2026-04-16 19:53:00,394 - INFO - Starting the experiment...
2026-04-16 19:53:00,400 - INFO - Starting replication 1/15
2026-04-16 19:53:07,117 - INFO - Starting replication 2/15
2026-04-16 19:53:11,950 - INFO - Starting replication 3/15
2026-04-16 19:53:16,749 - INFO - Starting replication 4/15
2026-04-16 19:53:21,574 - INFO - Starting replication 5/15
2026-04-16 19:53:26,578 - INFO - Starting replication 6/15
2026-04-16 19:53:31,574 - INFO - Starting replication 7/15
2026-04-16 19:53:36,532 - INFO - Starting replication 8/15
2026-04-16 19:53:41,352 - INFO - Starting replication 9/15
2026-04-16 19:53:46,039 - INFO - Starting replication 10/15
2026-04-16 19:53:51,141 - INFO - Starting replication 11/15
2026-04-16 19:53:55,852 - INFO - Starting replication 12/15
2026-04-16 19:54:00,561 - INFO - Starting replication 13/15
2026-04-16 19:54:05,216 - INFO - Starting replication 14/15
2026-04-16 19:54:09,829 - INFO - Starting replication 15/15
2026-04-16 19:54:14,522 - INFO - Experiment completed successfully.
2026-04-16 19:54:14,522 - INFO - Generating plots for the experiment results...
2026-04-16 19:54:15,117 - INFO - Plots generated successfully.
2026-04-16 19:54:15,117 - INFO - Application finished successfully.
